May 10 16:12:23 Installed: libgcc-4.8.5-11.el7.x86_64
May 10 16:12:23 Installed: setup-2.8.71-7.el7.noarch
May 10 16:12:24 Installed: filesystem-3.2-21.el7.x86_64
May 10 16:12:24 Installed: basesystem-10.0-7.el7.centos.noarch
May 10 16:12:24 Installed: ncurses-base-5.9-13.20130511.el7.noarch
May 10 16:12:24 Installed: perl-srpm-macros-1-8.el7.noarch
May 10 16:12:25 Installed: tzdata-2017b-1.el7.noarch
May 10 16:12:29 Installed: glibc-common-2.17-157.el7_3.1.x86_64
May 10 16:12:29 Installed: nss-softokn-freebl-3.16.2.3-14.4.el7.x86_64
May 10 16:12:32 Installed: glibc-2.17-157.el7_3.1.x86_64
May 10 16:12:32 Installed: libstdc++-4.8.5-11.el7.x86_64
May 10 16:12:33 Installed: ncurses-libs-5.9-13.20130511.el7.x86_64
May 10 16:12:33 Installed: bash-4.2.46-21.el7_3.x86_64
May 10 16:12:33 Installed: libsepol-2.5-6.el7.x86_64
May 10 16:12:33 Installed: pcre-8.32-15.el7_2.1.x86_64
May 10 16:12:33 Installed: libselinux-2.5-6.el7.x86_64
May 10 16:12:33 Installed: zlib-1.2.7-17.el7.x86_64
May 10 16:12:33 Installed: info-5.1-4.el7.x86_64
May 10 16:12:33 Installed: bzip2-libs-1.0.6-13.el7.x86_64
May 10 16:12:33 Installed: xz-libs-5.2.2-1.el7.x86_64
May 10 16:12:34 Installed: elfutils-libelf-0.166-2.el7.x86_64
May 10 16:12:34 Installed: libdb-5.3.21-19.el7.x86_64
May 10 16:12:34 Installed: nspr-4.13.1-1.0.el7_3.x86_64
May 10 16:12:34 Installed: nss-util-3.28.4-1.0.el7_3.x86_64
May 10 16:12:34 Installed: popt-1.13-16.el7.x86_64
May 10 16:12:34 Installed: readline-6.2-9.el7.x86_64
May 10 16:12:34 Installed: lua-5.1.4-15.el7.x86_64
May 10 16:12:34 Installed: libattr-2.4.46-12.el7.x86_64
May 10 16:12:34 Installed: libacl-2.2.51-12.el7.x86_64
May 10 16:12:34 Installed: libcap-2.22-8.el7.x86_64
May 10 16:12:34 Installed: chkconfig-1.7.2-1.el7.x86_64
May 10 16:12:34 Installed: sed-4.2.2-5.el7.x86_64
May 10 16:12:35 Installed: file-libs-5.11-33.el7.x86_64
May 10 16:12:35 Installed: libffi-3.0.13-18.el7.x86_64
May 10 16:12:35 Installed: libgpg-error-1.12-3.el7.x86_64
May 10 16:12:35 Installed: sqlite-3.7.17-8.el7.x86_64
May 10 16:12:35 Installed: grep-2.20-2.el7.x86_64
May 10 16:12:35 Installed: libcom_err-1.42.9-9.el7.x86_64
May 10 16:12:35 Installed: nss-softokn-3.16.2.3-14.4.el7.x86_64
May 10 16:12:35 Installed: libassuan-2.1.0-3.el7.x86_64
May 10 16:12:35 Installed: p11-kit-0.20.7-3.el7.x86_64
May 10 16:12:35 Installed: libxml2-2.9.1-6.el7_2.3.x86_64
May 10 16:12:36 Installed: gawk-4.0.2-4.el7.x86_64
May 10 16:12:36 Installed: 1:findutils-4.5.11-5.el7.x86_64
May 10 16:12:36 Installed: cpio-2.11-24.el7.x86_64
May 10 16:12:36 Installed: diffutils-3.3-4.el7.x86_64
May 10 16:12:36 Installed: gdbm-1.10-8.el7.x86_64
May 10 16:12:36 Installed: expat-2.1.0-10.el7_3.x86_64
May 10 16:12:36 Installed: keyutils-libs-1.5.8-3.el7.x86_64
May 10 16:12:37 Installed: glib2-2.46.2-4.el7.x86_64
May 10 16:12:37 Installed: 1:pkgconfig-0.27.1-4.el7.x86_64
May 10 16:12:38 Installed: shared-mime-info-1.1-9.el7.x86_64
May 10 16:12:38 Installed: libgcrypt-1.5.3-13.el7_3.1.x86_64
May 10 16:12:38 Installed: file-5.11-33.el7.x86_64
May 10 16:12:38 Installed: groff-base-1.22.2-8.el7.x86_64
May 10 16:12:38 Installed: 1:perl-parent-0.225-244.el7.noarch
May 10 16:12:39 Installed: perl-HTTP-Tiny-0.033-3.el7.noarch
May 10 16:12:39 Installed: perl-podlators-2.5.1-3.el7.noarch
May 10 16:12:39 Installed: perl-Pod-Perldoc-3.20-4.el7.noarch
May 10 16:12:39 Installed: perl-Text-ParseWords-3.29-4.el7.noarch
May 10 16:12:39 Installed: perl-Encode-2.51-7.el7.x86_64
May 10 16:12:39 Installed: 1:perl-Pod-Escapes-1.04-291.el7.noarch
May 10 16:12:39 Installed: perl-Pod-Usage-1.63-3.el7.noarch
May 10 16:12:39 Installed: 4:perl-macros-5.16.3-291.el7.x86_64
May 10 16:12:39 Installed: 4:perl-libs-5.16.3-291.el7.x86_64
May 10 16:12:40 Installed: perl-Socket-2.010-4.el7.x86_64
May 10 16:12:40 Installed: 4:perl-Time-HiRes-1.9725-3.el7.x86_64
May 10 16:12:40 Installed: perl-threads-1.87-4.el7.x86_64
May 10 16:12:40 Installed: perl-Storable-2.45-3.el7.x86_64
May 10 16:12:40 Installed: perl-Carp-1.26-244.el7.noarch
May 10 16:12:40 Installed: perl-Filter-1.49-3.el7.x86_64
May 10 16:12:40 Installed: perl-Exporter-5.68-3.el7.noarch
May 10 16:12:40 Installed: perl-constant-1.27-2.el7.noarch
May 10 16:12:40 Installed: perl-Time-Local-1.2300-2.el7.noarch
May 10 16:12:40 Installed: perl-threads-shared-1.43-6.el7.x86_64
May 10 16:12:40 Installed: perl-File-Temp-0.23.01-3.el7.noarch
May 10 16:12:40 Installed: perl-File-Path-2.09-2.el7.noarch
May 10 16:12:40 Installed: perl-PathTools-3.40-5.el7.x86_64
May 10 16:12:40 Installed: perl-Scalar-List-Utils-1.27-248.el7.x86_64
May 10 16:12:40 Installed: 1:perl-Pod-Simple-3.28-4.el7.noarch
May 10 16:12:40 Installed: perl-Getopt-Long-2.40-2.el7.noarch
May 10 16:12:43 Installed: 4:perl-5.16.3-291.el7.x86_64
May 10 16:12:43 Installed: perl-Thread-Queue-3.02-2.el7.noarch
May 10 16:12:43 Installed: pinentry-0.8.1-17.el7.x86_64
May 10 16:12:43 Installed: 2:tar-1.26-31.el7.x86_64
May 10 16:12:43 Installed: patch-2.7.1-8.el7.x86_64
May 10 16:12:44 Installed: cyrus-sasl-lib-2.1.26-20.el7_2.x86_64
May 10 16:12:44 Installed: libdb-utils-5.3.21-19.el7.x86_64
May 10 16:12:44 Installed: elfutils-libs-0.166-2.el7.x86_64
May 10 16:12:44 Installed: elfutils-0.166-2.el7.x86_64
May 10 16:12:44 Installed: dwz-0.11-3.el7.x86_64
May 10 16:12:44 Installed: xz-5.2.2-1.el7.x86_64
May 10 16:12:44 Installed: unzip-6.0-16.el7.x86_64
May 10 16:12:44 Installed: bzip2-1.0.6-13.el7.x86_64
May 10 16:12:44 Installed: zip-3.0-11.el7.x86_64
May 10 16:12:44 Installed: libidn-1.28-4.el7.x86_64
May 10 16:12:44 Installed: ncurses-5.9-13.20130511.el7.x86_64
May 10 16:12:45 Installed: 1:gmp-6.0.0-12.el7_1.x86_64
May 10 16:12:45 Installed: libtasn1-3.8-3.el7.x86_64
May 10 16:12:45 Installed: p11-kit-trust-0.20.7-3.el7.x86_64
May 10 16:12:46 Installed: ca-certificates-2017.2.11-70.1.el7_3.noarch
May 10 16:12:46 Installed: libverto-0.2.5-4.el7.x86_64
May 10 16:12:47 Installed: coreutils-8.22-18.el7.x86_64
May 10 16:12:47 Installed: 1:openssl-libs-1.0.1e-60.el7_3.1.x86_64
May 10 16:12:47 Installed: krb5-libs-1.14.1-27.el7_3.x86_64
May 10 16:12:50 Installed: python-libs-2.7.5-48.el7.x86_64
May 10 16:12:50 Installed: python-2.7.5-48.el7.x86_64
May 10 16:12:50 Installed: python-iniparse-0.4-9.el7.noarch
May 10 16:12:50 Installed: yum-metadata-parser-1.1.4-10.el7.x86_64
May 10 16:12:50 Installed: pyliblzma-0.5.3-11.el7.x86_64
May 10 16:12:50 Installed: pyxattr-0.5.1-5.el7.x86_64
May 10 16:12:51 Installed: gdb-7.6.1-94.el7.x86_64
May 10 16:12:51 Installed: libssh2-1.4.3-10.el7_2.1.x86_64
May 10 16:12:51 Installed: nss-3.28.4-1.0.el7_3.x86_64
May 10 16:12:51 Installed: nss-sysinit-3.28.4-1.0.el7_3.x86_64
May 10 16:12:51 Installed: nss-tools-3.28.4-1.0.el7_3.x86_64
May 10 16:12:51 Installed: libcurl-7.29.0-35.el7.centos.x86_64
May 10 16:12:52 Installed: curl-7.29.0-35.el7.centos.x86_64
May 10 16:12:52 Installed: rpm-libs-4.11.3-21.el7.x86_64
May 10 16:12:52 Installed: rpm-4.11.3-21.el7.x86_64
May 10 16:12:52 Installed: openldap-2.4.40-13.el7.x86_64
May 10 16:12:52 Installed: redhat-rpm-config-9.1.0-72.el7.centos.noarch
May 10 16:12:52 Installed: python-pycurl-7.19.0-19.el7.x86_64
May 10 16:12:52 Installed: python-urlgrabber-3.10-8.el7.noarch
May 10 16:12:54 Installed: binutils-2.25.1-22.base.el7.x86_64
May 10 16:12:54 Installed: gzip-1.5-8.el7.x86_64
May 10 16:12:54 Installed: pth-2.0.7-23.el7.x86_64
May 10 16:12:54 Installed: gnupg2-2.0.22-4.el7.x86_64
May 10 16:12:54 Installed: rpm-build-libs-4.11.3-21.el7.x86_64
May 10 16:12:54 Installed: rpm-python-4.11.3-21.el7.x86_64
May 10 16:12:55 Installed: gpgme-1.3.2-5.el7.x86_64
May 10 16:12:55 Installed: pygpgme-0.3-9.el7.x86_64
May 10 16:12:55 Installed: yum-plugin-fastestmirror-1.1.31-40.el7.noarch
May 10 16:12:55 Installed: yum-3.4.3-150.el7.centos.noarch
May 10 16:12:55 Installed: rpm-build-4.11.3-21.el7.x86_64
May 10 15:47:33 Installed: 2:vim-minimal-7.4.160-1.el7_3.1.x86_64
